Vivado Simulator v2023.2
Copyright 1986-2022 Xilinx, Inc. All Rights Reserved.
Copyright 2022-2023 Advanced Micro Devices, Inc. All Rights Reserved.
Running: /tools/Xilinx/Vivado/2023.2/bin/unwrapped/lnx64.o/xelab --incr --debug typical --relax --mt 8 --maxdelay -L xil_defaultlib -L simprims_ver -L secureip --snapshot Toplyr_TB_time_impl -transport_int_delays -pulse_r 0 -pulse_int_r 0 -pulse_e 0 -pulse_int_e 0 xil_defaultlib.Toplyr_TB xil_defaultlib.glbl -log elaborate.log 
Using 8 slave threads.
Starting static elaboration
Pass Through NonSizing Optimizer
Completed static elaboration
Starting simulation data flow analysis
Completed simulation data flow analysis
INFO: [XSIM 43-3451] SDF backannotation process started with SDF file "Toplyr_TB_time_impl.sdf", for root module "Toplyr_TB/test".
INFO: [XSIM 43-3452] SDF backannotation was successful for SDF file "Toplyr_TB_time_impl.sdf", for root module "Toplyr_TB/test".
Time Resolution for simulation is 1ps
Compiling module xil_defaultlib.Instruction_Mem_IP_Conct_Out_RAM...
Compiling module simprims_ver.RB18_INTERNAL_VLOG(RDADDR_COLLIS...
Compiling module simprims_ver.RAMB18E1(INIT_00=256'b0111100001...
Compiling module simprims_ver.VCC
Compiling module xil_defaultlib.Instruction_Mem_IP_blk_mem_gen_0...
Compiling module xil_defaultlib.Instruction_Mem_IP
Compiling module xil_defaultlib.Instruction_Mem_IP_wrapper
Compiling module simprims_ver.OBUF
Compiling module xil_defaultlib.Toplyr
Compiling module xil_defaultlib.Toplyr_TB
Compiling module xil_defaultlib.glbl
Built simulation snapshot Toplyr_TB_time_impl
