INFO: [VRFC 10-2263] Analyzing Verilog file "/home/marcelo/Desktop/vsp/vsp.sim/sim_1/synth/timing/xsim/Toplyr_TB_time_synth.v" into library xil_defaultlib
INFO: [VRFC 10-311] analyzing module Instruction_Mem_IP
INFO: [VRFC 10-311] analyzing module Instruction_Mem_IP_Address_Adder_0_1
INFO: [VRFC 10-311] analyzing module Instruction_Mem_IP_Address_Adder_0_1_Address_Adder
INFO: [VRFC 10-311] analyzing module Instruction_Mem_IP_Address_Adder_0_2
INFO: [VRFC 10-311] analyzing module Instruction_Mem_IP_Address_Adder_0_2_Address_Adder
INFO: [VRFC 10-311] analyzing module Instruction_Mem_IP_Address_Adder_1_0
INFO: [VRFC 10-311] analyzing module Instruction_Mem_IP_Address_Adder_1_0_Address_Adder
INFO: [VRFC 10-311] analyzing module Instruction_Mem_IP_Conct_Out_RAM_0_0
INFO: [VRFC 10-311] analyzing module Instruction_Mem_IP_IP_Instruction_31_24_0
INFO: [VRFC 10-311] analyzing module Instruction_Mem_IP_IP_Instruction_31_24_1
INFO: [VRFC 10-311] analyzing module Instruction_Mem_IP_IP_Instruction_31_24_2
INFO: [VRFC 10-311] analyzing module Instruction_Mem_IP_blk_mem_gen_0_0
INFO: [VRFC 10-311] analyzing module Instruction_Mem_IP_wrapper
INFO: [VRFC 10-311] analyzing module RAM_IP
INFO: [VRFC 10-311] analyzing module RegFile_IP
INFO: [VRFC 10-311] analyzing module RegFile_IP_blk_mem_gen_0_0
INFO: [VRFC 10-311] analyzing module RegFile_IP_blk_mem_gen_0_1
INFO: [VRFC 10-311] analyzing module RegFile_IP_wrapper
INFO: [VRFC 10-311] analyzing module Toplyr
INFO: [VRFC 10-311] analyzing module VeSPA_CPU
INFO: [VRFC 10-311] analyzing module datapath
INFO: [VRFC 10-311] analyzing module design_1
INFO: [VRFC 10-311] analyzing module design_1_Conct_Out_RAM_0_1
INFO: [VRFC 10-311] analyzing module design_1_RAM_IP_31_24_0
INFO: [VRFC 10-311] analyzing module design_1_RAM_IP_31_24_1
INFO: [VRFC 10-311] analyzing module design_1_RAM_IP_31_24_2
INFO: [VRFC 10-311] analyzing module design_1_SliptD_IN_RAM_0_1
INFO: [VRFC 10-311] analyzing module design_1_blk_mem_gen_0_0
INFO: [VRFC 10-311] analyzing module Instruction_Mem_IP_IP_Instruction_31_24_0_blk_mem_gen_generic_cstr
INFO: [VRFC 10-311] analyzing module Instruction_Mem_IP_IP_Instruction_31_24_0_blk_mem_gen_prim_width
INFO: [VRFC 10-311] analyzing module Instruction_Mem_IP_IP_Instruction_31_24_0_blk_mem_gen_prim_wrapper_init
INFO: [VRFC 10-311] analyzing module Instruction_Mem_IP_IP_Instruction_31_24_0_blk_mem_gen_top
INFO: [VRFC 10-311] analyzing module Instruction_Mem_IP_IP_Instruction_31_24_0_blk_mem_gen_v8_4_7
INFO: [VRFC 10-311] analyzing module Instruction_Mem_IP_IP_Instruction_31_24_0_blk_mem_gen_v8_4_7_synth
INFO: [VRFC 10-311] analyzing module Instruction_Mem_IP_IP_Instruction_31_24_1_blk_mem_gen_generic_cstr
INFO: [VRFC 10-311] analyzing module Instruction_Mem_IP_IP_Instruction_31_24_1_blk_mem_gen_prim_width
INFO: [VRFC 10-311] analyzing module Instruction_Mem_IP_IP_Instruction_31_24_1_blk_mem_gen_prim_wrapper_init
INFO: [VRFC 10-311] analyzing module Instruction_Mem_IP_IP_Instruction_31_24_1_blk_mem_gen_top
INFO: [VRFC 10-311] analyzing module Instruction_Mem_IP_IP_Instruction_31_24_1_blk_mem_gen_v8_4_7
INFO: [VRFC 10-311] analyzing module Instruction_Mem_IP_IP_Instruction_31_24_1_blk_mem_gen_v8_4_7_synth
INFO: [VRFC 10-311] analyzing module Instruction_Mem_IP_IP_Instruction_31_24_2_blk_mem_gen_generic_cstr
INFO: [VRFC 10-311] analyzing module Instruction_Mem_IP_IP_Instruction_31_24_2_blk_mem_gen_prim_width
INFO: [VRFC 10-311] analyzing module Instruction_Mem_IP_IP_Instruction_31_24_2_blk_mem_gen_prim_wrapper_init
INFO: [VRFC 10-311] analyzing module Instruction_Mem_IP_IP_Instruction_31_24_2_blk_mem_gen_top
INFO: [VRFC 10-311] analyzing module Instruction_Mem_IP_IP_Instruction_31_24_2_blk_mem_gen_v8_4_7
INFO: [VRFC 10-311] analyzing module Instruction_Mem_IP_IP_Instruction_31_24_2_blk_mem_gen_v8_4_7_synth
INFO: [VRFC 10-311] analyzing module Instruction_Mem_IP_blk_mem_gen_0_0_blk_mem_gen_generic_cstr
INFO: [VRFC 10-311] analyzing module Instruction_Mem_IP_blk_mem_gen_0_0_blk_mem_gen_prim_width
INFO: [VRFC 10-311] analyzing module Instruction_Mem_IP_blk_mem_gen_0_0_blk_mem_gen_prim_wrapper_init
INFO: [VRFC 10-311] analyzing module Instruction_Mem_IP_blk_mem_gen_0_0_blk_mem_gen_top
INFO: [VRFC 10-311] analyzing module Instruction_Mem_IP_blk_mem_gen_0_0_blk_mem_gen_v8_4_7
INFO: [VRFC 10-311] analyzing module Instruction_Mem_IP_blk_mem_gen_0_0_blk_mem_gen_v8_4_7_synth
INFO: [VRFC 10-311] analyzing module RegFile_IP_blk_mem_gen_0_0_blk_mem_gen_generic_cstr
INFO: [VRFC 10-311] analyzing module RegFile_IP_blk_mem_gen_0_0_blk_mem_gen_prim_width
INFO: [VRFC 10-311] analyzing module RegFile_IP_blk_mem_gen_0_0_blk_mem_gen_prim_wrapper_init
INFO: [VRFC 10-311] analyzing module RegFile_IP_blk_mem_gen_0_0_blk_mem_gen_top
INFO: [VRFC 10-311] analyzing module RegFile_IP_blk_mem_gen_0_0_blk_mem_gen_v8_4_7
INFO: [VRFC 10-311] analyzing module RegFile_IP_blk_mem_gen_0_0_blk_mem_gen_v8_4_7_synth
INFO: [VRFC 10-311] analyzing module RegFile_IP_blk_mem_gen_0_1_blk_mem_gen_generic_cstr
INFO: [VRFC 10-311] analyzing module RegFile_IP_blk_mem_gen_0_1_blk_mem_gen_prim_width
INFO: [VRFC 10-311] analyzing module RegFile_IP_blk_mem_gen_0_1_blk_mem_gen_prim_wrapper_init
INFO: [VRFC 10-311] analyzing module RegFile_IP_blk_mem_gen_0_1_blk_mem_gen_top
INFO: [VRFC 10-311] analyzing module RegFile_IP_blk_mem_gen_0_1_blk_mem_gen_v8_4_7
INFO: [VRFC 10-311] analyzing module RegFile_IP_blk_mem_gen_0_1_blk_mem_gen_v8_4_7_synth
INFO: [VRFC 10-311] analyzing module design_1_RAM_IP_31_24_0_blk_mem_gen_generic_cstr
INFO: [VRFC 10-311] analyzing module design_1_RAM_IP_31_24_0_blk_mem_gen_prim_width
INFO: [VRFC 10-311] analyzing module design_1_RAM_IP_31_24_0_blk_mem_gen_prim_wrapper
INFO: [VRFC 10-311] analyzing module design_1_RAM_IP_31_24_0_blk_mem_gen_top
INFO: [VRFC 10-311] analyzing module design_1_RAM_IP_31_24_0_blk_mem_gen_v8_4_7
INFO: [VRFC 10-311] analyzing module design_1_RAM_IP_31_24_0_blk_mem_gen_v8_4_7_synth
INFO: [VRFC 10-311] analyzing module design_1_RAM_IP_31_24_1_blk_mem_gen_generic_cstr
INFO: [VRFC 10-311] analyzing module design_1_RAM_IP_31_24_1_blk_mem_gen_prim_width
INFO: [VRFC 10-311] analyzing module design_1_RAM_IP_31_24_1_blk_mem_gen_prim_wrapper
INFO: [VRFC 10-311] analyzing module design_1_RAM_IP_31_24_1_blk_mem_gen_top
INFO: [VRFC 10-311] analyzing module design_1_RAM_IP_31_24_1_blk_mem_gen_v8_4_7
INFO: [VRFC 10-311] analyzing module design_1_RAM_IP_31_24_1_blk_mem_gen_v8_4_7_synth
INFO: [VRFC 10-311] analyzing module design_1_RAM_IP_31_24_2_blk_mem_gen_generic_cstr
INFO: [VRFC 10-311] analyzing module design_1_RAM_IP_31_24_2_blk_mem_gen_prim_width
INFO: [VRFC 10-311] analyzing module design_1_RAM_IP_31_24_2_blk_mem_gen_prim_wrapper
INFO: [VRFC 10-311] analyzing module design_1_RAM_IP_31_24_2_blk_mem_gen_top
INFO: [VRFC 10-311] analyzing module design_1_RAM_IP_31_24_2_blk_mem_gen_v8_4_7
INFO: [VRFC 10-311] analyzing module design_1_RAM_IP_31_24_2_blk_mem_gen_v8_4_7_synth
INFO: [VRFC 10-311] analyzing module design_1_blk_mem_gen_0_0_blk_mem_gen_generic_cstr
INFO: [VRFC 10-311] analyzing module design_1_blk_mem_gen_0_0_blk_mem_gen_prim_width
INFO: [VRFC 10-311] analyzing module design_1_blk_mem_gen_0_0_blk_mem_gen_prim_wrapper
INFO: [VRFC 10-311] analyzing module design_1_blk_mem_gen_0_0_blk_mem_gen_top
INFO: [VRFC 10-311] analyzing module design_1_blk_mem_gen_0_0_blk_mem_gen_v8_4_7
INFO: [VRFC 10-311] analyzing module design_1_blk_mem_gen_0_0_blk_mem_gen_v8_4_7_synth
INFO: [VRFC 10-311] analyzing module glbl
INFO: [VRFC 10-2263] Analyzing Verilog file "/home/marcelo/Desktop/vsp/vsp.srcs/sim_1/new/Toplyr_TB.v" into library xil_defaultlib
INFO: [VRFC 10-311] analyzing module Toplyr_TB
