
*** Running vivado
    with args -log Instruction_Mem_IP_Address_Adder_1_0.vds -m64 -product Vivado -mode batch -messageDb vivado.pb -notrace -source Instruction_Mem_IP_Address_Adder_1_0.tcl


****** Vivado v2023.2 (64-bit)
  **** SW Build 4029153 on Fri Oct 13 20:13:54 MDT 2023
  **** IP Build 4028589 on Sat Oct 14 00:45:43 MDT 2023
  **** SharedData Build 4025554 on Tue Oct 10 17:18:54 MDT 2023
    ** Copyright 1986-2022 Xilinx, Inc. All Rights Reserved.
    ** Copyright 2022-2023 Advanced Micro Devices, Inc. All Rights Reserved.

source Instruction_Mem_IP_Address_Adder_1_0.tcl -notrace
create_project: Time (s): cpu = 00:00:07 ; elapsed = 00:00:07 . Memory (MB): peak = 1322.320 ; gain = 0.023 ; free physical = 4984 ; free virtual = 11908
INFO: [IP_Flow 19-234] Refreshing IP repositories
INFO: [IP_Flow 19-1704] No user IP repositories specified
INFO: [IP_Flow 19-2313] Loaded Vivado IP repository '/tools/Xilinx/Vivado/2023.2/data/ip'.
INFO: [IP_Flow 19-6924] IPCACHE: Running cache check for IP inst: Instruction_Mem_IP_Address_Adder_1_0
Command: synth_design -top Instruction_Mem_IP_Address_Adder_1_0 -part xc7z010clg400-1 -incremental_mode off -mode out_of_context
Starting synth_design
Attempting to get a license for feature 'Synthesis' and/or device 'xc7z010'
INFO: [Common 17-349] Got license for feature 'Synthesis' and/or device 'xc7z010'
INFO: [Device 21-403] Loading part xc7z010clg400-1
INFO: [Synth 8-7079] Multithreading enabled for synth_design using a maximum of 4 processes.
INFO: [Synth 8-7078] Launching helper process for spawning children vivado processes
INFO: [Synth 8-7075] Helper process launched with PID 246623
---------------------------------------------------------------------------------
Starting RTL Elaboration : Time (s): cpu = 00:00:05 ; elapsed = 00:00:05 . Memory (MB): peak = 2051.309 ; gain = 402.746 ; free physical = 1956 ; free virtual = 8880
---------------------------------------------------------------------------------
INFO: [Synth 8-6157] synthesizing module 'Instruction_Mem_IP_Address_Adder_1_0' [/home/marcelo/Desktop/vsp/vsp.gen/sources_1/bd/Instruction_Mem_IP/ip/Instruction_Mem_IP_Address_Adder_1_0/synth/Instruction_Mem_IP_Address_Adder_1_0.v:53]
INFO: [Synth 8-6157] synthesizing module 'Address_Adder' [/home/marcelo/Desktop/vsp/vsp.srcs/sources_1/new/Adder.v:23]
INFO: [Synth 8-6155] done synthesizing module 'Address_Adder' (0#1) [/home/marcelo/Desktop/vsp/vsp.srcs/sources_1/new/Adder.v:23]
INFO: [Synth 8-6155] done synthesizing module 'Instruction_Mem_IP_Address_Adder_1_0' (0#1) [/home/marcelo/Desktop/vsp/vsp.gen/sources_1/bd/Instruction_Mem_IP/ip/Instruction_Mem_IP_Address_Adder_1_0/synth/Instruction_Mem_IP_Address_Adder_1_0.v:53]
---------------------------------------------------------------------------------
Finished RTL Elaboration : Time (s): cpu = 00:00:06 ; elapsed = 00:00:06 . Memory (MB): peak = 2129.277 ; gain = 480.715 ; free physical = 1816 ; free virtual = 8742
---------------------------------------------------------------------------------
---------------------------------------------------------------------------------
Start Handling Custom Attributes
---------------------------------------------------------------------------------
---------------------------------------------------------------------------------
Finished Handling Custom Attributes : Time (s): cpu = 00:00:06 ; elapsed = 00:00:06 . Memory (MB): peak = 2144.121 ; gain = 495.559 ; free physical = 1814 ; free virtual = 8740
---------------------------------------------------------------------------------
---------------------------------------------------------------------------------
Finished RTL Optimization Phase 1 : Time (s): cpu = 00:00:06 ; elapsed = 00:00:06 . Memory (MB): peak = 2144.121 ; gain = 495.559 ; free physical = 1814 ; free virtual = 8740
---------------------------------------------------------------------------------
Netlist sorting complete. Time (s): cpu = 00:00:00 ; elapsed = 00:00:00 . Memory (MB): peak = 2144.121 ; gain = 0.000 ; free physical = 1814 ; free virtual = 8740
INFO: [Project 1-570] Preparing netlist for logic optimization

Processing XDC Constraints
Initializing timing engine
Completed Processing XDC Constraints

Netlist sorting complete. Time (s): cpu = 00:00:00 ; elapsed = 00:00:00 . Memory (MB): peak = 2217.059 ; gain = 0.000 ; free physical = 1801 ; free virtual = 8727
INFO: [Project 1-111] Unisim Transformation Summary:
No Unisim elements were transformed.

Constraint Validation Runtime : Time (s): cpu = 00:00:00.02 ; elapsed = 00:00:00.01 . Memory (MB): peak = 2217.094 ; gain = 0.000 ; free physical = 1801 ; free virtual = 8727
INFO: [Designutils 20-5008] Incremental synthesis strategy off
---------------------------------------------------------------------------------
Finished Constraint Validation : Time (s): cpu = 00:00:12 ; elapsed = 00:00:12 . Memory (MB): peak = 2217.094 ; gain = 568.531 ; free physical = 1784 ; free virtual = 8712
---------------------------------------------------------------------------------
---------------------------------------------------------------------------------
Start Loading Part and Timing Information
---------------------------------------------------------------------------------
Loading part: xc7z010clg400-1
---------------------------------------------------------------------------------
Finished Loading Part and Timing Information : Time (s): cpu = 00:00:12 ; elapsed = 00:00:12 . Memory (MB): peak = 2217.094 ; gain = 568.531 ; free physical = 1784 ; free virtual = 8712
---------------------------------------------------------------------------------
---------------------------------------------------------------------------------
Start Applying 'set_property' XDC Constraints
---------------------------------------------------------------------------------
---------------------------------------------------------------------------------
Finished applying 'set_property' XDC Constraints : Time (s): cpu = 00:00:12 ; elapsed = 00:00:12 . Memory (MB): peak = 2217.094 ; gain = 568.531 ; free physical = 1784 ; free virtual = 8712
---------------------------------------------------------------------------------
---------------------------------------------------------------------------------
Finished RTL Optimization Phase 2 : Time (s): cpu = 00:00:12 ; elapsed = 00:00:12 . Memory (MB): peak = 2217.094 ; gain = 568.531 ; free physical = 1783 ; free virtual = 8712
---------------------------------------------------------------------------------
---------------------------------------------------------------------------------
Start RTL Component Statistics 
---------------------------------------------------------------------------------
Detailed RTL Component Info : 
+---Adders : 
	   2 Input   10 Bit       Adders := 1     
---------------------------------------------------------------------------------
Finished RTL Component Statistics 
---------------------------------------------------------------------------------
---------------------------------------------------------------------------------
Start Part Resource Summary
---------------------------------------------------------------------------------
Part Resources:
DSPs: 80 (col length:40)
BRAMs: 120 (col length: RAMB18 40 RAMB36 20)
---------------------------------------------------------------------------------
Finished Part Resource Summary
---------------------------------------------------------------------------------
---------------------------------------------------------------------------------
Start Cross Boundary and Area Optimization
---------------------------------------------------------------------------------
WARNING: [Synth 8-7080] Parallel synthesis criteria is not met
---------------------------------------------------------------------------------
Finished Cross Boundary and Area Optimization : Time (s): cpu = 00:00:13 ; elapsed = 00:00:14 . Memory (MB): peak = 2217.094 ; gain = 568.531 ; free physical = 1779 ; free virtual = 8707
---------------------------------------------------------------------------------
---------------------------------------------------------------------------------
Start Applying XDC Timing Constraints
---------------------------------------------------------------------------------
---------------------------------------------------------------------------------
Finished Applying XDC Timing Constraints : Time (s): cpu = 00:00:17 ; elapsed = 00:00:18 . Memory (MB): peak = 2217.094 ; gain = 568.531 ; free physical = 1777 ; free virtual = 8705
---------------------------------------------------------------------------------
---------------------------------------------------------------------------------
Start Timing Optimization
---------------------------------------------------------------------------------
---------------------------------------------------------------------------------
Finished Timing Optimization : Time (s): cpu = 00:00:17 ; elapsed = 00:00:18 . Memory (MB): peak = 2217.094 ; gain = 568.531 ; free physical = 1777 ; free virtual = 8705
---------------------------------------------------------------------------------
---------------------------------------------------------------------------------
Start Technology Mapping
---------------------------------------------------------------------------------
---------------------------------------------------------------------------------
Finished Technology Mapping : Time (s): cpu = 00:00:17 ; elapsed = 00:00:18 . Memory (MB): peak = 2217.094 ; gain = 568.531 ; free physical = 1777 ; free virtual = 8705
---------------------------------------------------------------------------------
---------------------------------------------------------------------------------
Start IO Insertion
---------------------------------------------------------------------------------
---------------------------------------------------------------------------------
Start Flattening Before IO Insertion
---------------------------------------------------------------------------------
---------------------------------------------------------------------------------
Finished Flattening Before IO Insertion
---------------------------------------------------------------------------------
---------------------------------------------------------------------------------
Start Final Netlist Cleanup
---------------------------------------------------------------------------------
---------------------------------------------------------------------------------
Finished Final Netlist Cleanup
---------------------------------------------------------------------------------
---------------------------------------------------------------------------------
Finished IO Insertion : Time (s): cpu = 00:00:21 ; elapsed = 00:00:22 . Memory (MB): peak = 2217.094 ; gain = 568.531 ; free physical = 2323 ; free virtual = 9252
---------------------------------------------------------------------------------
---------------------------------------------------------------------------------
Start Renaming Generated Instances
---------------------------------------------------------------------------------
---------------------------------------------------------------------------------
Finished Renaming Generated Instances : Time (s): cpu = 00:00:21 ; elapsed = 00:00:22 . Memory (MB): peak = 2217.094 ; gain = 568.531 ; free physical = 2321 ; free virtual = 9250
---------------------------------------------------------------------------------
---------------------------------------------------------------------------------
Start Rebuilding User Hierarchy
---------------------------------------------------------------------------------
---------------------------------------------------------------------------------
Finished Rebuilding User Hierarchy : Time (s): cpu = 00:00:21 ; elapsed = 00:00:22 . Memory (MB): peak = 2217.094 ; gain = 568.531 ; free physical = 2320 ; free virtual = 9249
---------------------------------------------------------------------------------
---------------------------------------------------------------------------------
Start Renaming Generated Ports
---------------------------------------------------------------------------------
---------------------------------------------------------------------------------
Finished Renaming Generated Ports : Time (s): cpu = 00:00:21 ; elapsed = 00:00:22 . Memory (MB): peak = 2217.094 ; gain = 568.531 ; free physical = 2320 ; free virtual = 9248
---------------------------------------------------------------------------------
---------------------------------------------------------------------------------
Start Handling Custom Attributes
---------------------------------------------------------------------------------
---------------------------------------------------------------------------------
Finished Handling Custom Attributes : Time (s): cpu = 00:00:21 ; elapsed = 00:00:22 . Memory (MB): peak = 2217.094 ; gain = 568.531 ; free physical = 2318 ; free virtual = 9247
---------------------------------------------------------------------------------
---------------------------------------------------------------------------------
Start Renaming Generated Nets
---------------------------------------------------------------------------------
---------------------------------------------------------------------------------
Finished Renaming Generated Nets : Time (s): cpu = 00:00:21 ; elapsed = 00:00:22 . Memory (MB): peak = 2217.094 ; gain = 568.531 ; free physical = 2318 ; free virtual = 9246
---------------------------------------------------------------------------------
---------------------------------------------------------------------------------
Start Writing Synthesis Report
---------------------------------------------------------------------------------

Report BlackBoxes: 
+-+--------------+----------+
| |BlackBox name |Instances |
+-+--------------+----------+
+-+--------------+----------+

Report Cell Usage: 
+------+-----+------+
|      |Cell |Count |
+------+-----+------+
|1     |LUT1 |     1|
|2     |LUT2 |     2|
|3     |LUT3 |     2|
|4     |LUT4 |     2|
|5     |LUT5 |     2|
|6     |LUT6 |     2|
+------+-----+------+
---------------------------------------------------------------------------------
Finished Writing Synthesis Report : Time (s): cpu = 00:00:21 ; elapsed = 00:00:22 . Memory (MB): peak = 2217.094 ; gain = 568.531 ; free physical = 2316 ; free virtual = 9245
---------------------------------------------------------------------------------
Synthesis finished with 0 errors, 0 critical warnings and 1 warnings.
Synthesis Optimization Runtime : Time (s): cpu = 00:00:20 ; elapsed = 00:00:20 . Memory (MB): peak = 2217.094 ; gain = 495.559 ; free physical = 2316 ; free virtual = 9244
Synthesis Optimization Complete : Time (s): cpu = 00:00:21 ; elapsed = 00:00:22 . Memory (MB): peak = 2217.094 ; gain = 568.531 ; free physical = 2316 ; free virtual = 9243
INFO: [Project 1-571] Translating synthesized netlist
Netlist sorting complete. Time (s): cpu = 00:00:00 ; elapsed = 00:00:00 . Memory (MB): peak = 2217.094 ; gain = 0.000 ; free physical = 2325 ; free virtual = 9253
INFO: [Project 1-570] Preparing netlist for logic optimization
INFO: [Opt 31-138] Pushed 0 inverter(s) to 0 load pin(s).
Netlist sorting complete. Time (s): cpu = 00:00:00 ; elapsed = 00:00:00 . Memory (MB): peak = 2217.094 ; gain = 0.000 ; free physical = 2622 ; free virtual = 9550
INFO: [Project 1-111] Unisim Transformation Summary:
No Unisim elements were transformed.

Synth Design complete | Checksum: 4eca8ff9
INFO: [Common 17-83] Releasing license: Synthesis
21 Infos, 1 Warnings, 0 Critical Warnings and 0 Errors encountered.
synth_design completed successfully
synth_design: Time (s): cpu = 00:00:30 ; elapsed = 00:00:26 . Memory (MB): peak = 2217.094 ; gain = 891.805 ; free physical = 2609 ; free virtual = 9536
INFO: [Common 17-2834] synth_design peak Physical Memory [PSS] (MB): overall = 1675.188; main = 1368.067; forked = 329.104
INFO: [Common 17-2834] synth_design peak Virtual Memory [VSS] (MB): overall = 3174.246; main = 2217.062; forked = 989.199
Write ShapeDB Complete: Time (s): cpu = 00:00:00 ; elapsed = 00:00:00 . Memory (MB): peak = 2241.070 ; gain = 0.000 ; free physical = 2604 ; free virtual = 9532
INFO: [Common 17-1381] The checkpoint '/home/marcelo/Desktop/vsp/vsp.runs/Instruction_Mem_IP_Address_Adder_1_0_synth_1/Instruction_Mem_IP_Address_Adder_1_0.dcp' has been generated.
Write ShapeDB Complete: Time (s): cpu = 00:00:00 ; elapsed = 00:00:00 . Memory (MB): peak = 2241.070 ; gain = 0.000 ; free physical = 2607 ; free virtual = 9533
INFO: [Common 17-1381] The checkpoint '/home/marcelo/Desktop/vsp/vsp.runs/Instruction_Mem_IP_Address_Adder_1_0_synth_1/Instruction_Mem_IP_Address_Adder_1_0.dcp' has been generated.
INFO: [runtcl-4] Executing : report_utilization -file Instruction_Mem_IP_Address_Adder_1_0_utilization_synth.rpt -pb Instruction_Mem_IP_Address_Adder_1_0_utilization_synth.pb
INFO: [Common 17-206] Exiting Vivado at Sun Nov 26 19:03:46 2023...
